Arguments: 
  /usr/bin/node /usr/bin/yarn

PATH: 
  /usr/local/sbin:/usr/local/bin:/usr/bin:/usr/lib/jvm/default/bin:/usr/bin/site_perl:/usr/bin/vendor_perl:/usr/bin/core_perl:/home/aschey/.local/bin:/home/aschey/.yarn/bin:/home/aschey/go/bin:/home/aschey/.dotnet:/home/aschey/.cargo/bin:/home/aschey/.local/bin:/home/aschey/.yarn/bin:/home/aschey/go/bin:/home/aschey/.dotnet:/home/aschey/.cargo/bin:/home/aschey/.local/bin:/home/aschey/.yarn/bin:/home/aschey/go/bin:/home/aschey/.dotnet:/home/aschey/.cargo/bin

Yarn version: 
  1.22.4

Node version: 
  14.3.0

Platform: 
  linux x64

Trace: 
  Error: read ECONNRESET
      at TLSWrap.onStreamRead (internal/stream_base_commons.js:205:27)

npm manifest: 
  {
    "dependencies": {
      "@types/node": "^13.1.8",
      "@types/p5": "^0.9.0",
      "comlink": "^4.2.0",
      "lodash": "^4.17.15",
      "lodash.product": "^18.9.19",
      "mathjs": "^6.6.0",
      "p5": "^0.10.2",
      "pixi": "^0.3.1"
    }
  }

yarn manifest: 
  No manifest

Lockfile: 
  # THIS IS AN AUTOGENERATED FILE. DO NOT EDIT THIS FILE DIRECTLY.
  # yarn lockfile v1
  
  
  "@types/node@^13.1.8":
    version "13.1.8"
    resolved "https://registry.yarnpkg.com/@types/node/-/node-13.1.8.tgz#1d590429fe8187a02707720ecf38a6fe46ce294b"
    integrity sha512-6XzyyNM9EKQW4HKuzbo/CkOIjn/evtCmsU+MUM1xDfJ+3/rNjBttM1NgN7AOQvN6tP1Sl1D1PIKMreTArnxM9A==
  
  "@types/p5@^0.9.0":
    version "0.9.0"
    resolved "https://registry.yarnpkg.com/@types/p5/-/p5-0.9.0.tgz#aea0afe6ab2f7368b000165a27869cee8f9060a7"
    integrity sha512-GhI0ctGdKlnf1oUEYqE+sTWuGHhjQCZXQPxazdI9Lx2eE6z7qO6T55FGFenOY3wpL8jSzLWRmt83RHGblr4AWg==
  
  comlink@^4.2.0:
    version "4.2.0"
    resolved "https://registry.yarnpkg.com/comlink/-/comlink-4.2.0.tgz#be9e968a19d797a44a042cf1eac03775d2ed39fe"
    integrity sha512-33hF3yYzZicIWLREuvluTGSZkbAXYwRmrA9IYQo0/P+0O45qgvzR0FHX4tRZztObFMTs/RhnN0G0UBNDAZSiCg==
  
  complex.js@^2.0.11:
    version "2.0.11"
    resolved "https://registry.yarnpkg.com/complex.js/-/complex.js-2.0.11.tgz#09a873fbf15ffd8c18c9c2201ccef425c32b8bf1"
    integrity sha512-6IArJLApNtdg1P1dFtn3dnyzoZBEF0MwMnrfF1exSBRpZYoy4yieMkpZhQDC0uwctw48vii0CFVyHfpgZ/DfGw==
  
  decimal.js@^10.2.0:
    version "10.2.0"
    resolved "https://registry.yarnpkg.com/decimal.js/-/decimal.js-10.2.0.tgz#39466113a9e036111d02f82489b5fd6b0b5ed231"
    integrity sha512-vDPw+rDgn3bZe1+F/pyEwb1oMG2XTlRVgAa6B4KccTEpYgF8w6eQllVbQcfIJnZyvzFtFpxnpGtx8dd7DJp/Rw==
  
  escape-latex@^1.2.0:
    version "1.2.0"
    resolved "https://registry.yarnpkg.com/escape-latex/-/escape-latex-1.2.0.tgz#07c03818cf7dac250cce517f4fda1b001ef2bca1"
    integrity sha512-nV5aVWW1K0wEiUIEdZ4erkGGH8mDxGyxSeqPzRNtWP7ataw+/olFObw7hujFWlVjNsaDFw5VZ5NzVSIqRgfTiw==
  
  fraction.js@^4.0.12:
    version "4.0.12"
    resolved "https://registry.yarnpkg.com/fraction.js/-/fraction.js-4.0.12.tgz#0526d47c65a5fb4854df78bc77f7bec708d7b8c3"
    integrity sha512-8Z1K0VTG4hzYY7kA/1sj4/r1/RWLBD3xwReT/RCrUCbzPszjNQCCsy3ktkU/eaEqX3MYa4pY37a52eiBlPMlhA==
  
  javascript-natural-sort@^0.7.1:
    version "0.7.1"
    resolved "https://registry.yarnpkg.com/javascript-natural-sort/-/javascript-natural-sort-0.7.1.tgz#f9e2303d4507f6d74355a73664d1440fb5a0ef59"
    integrity sha1-+eIwPUUH9tdDVac2ZNFED7Wg71k=
  
  lodash.product@^18.9.19:
    version "18.9.19"
    resolved "https://registry.yarnpkg.com/lodash.product/-/lodash.product-18.9.19.tgz#c1f49a4b447869290a8799c29295703fda294835"
    integrity sha512-yPX6KO0jveBR/DjSngqvUEynWTb4oJwB8g5WseShPzX0CO8pjX1gxlR5Fo7V3E81uPDc9mEuNVw3Ah6df9uy0g==
  
  lodash@^4.17.15:
    version "4.17.15"
    resolved "https://registry.yarnpkg.com/lodash/-/lodash-4.17.15.tgz#b447f6670a0455bbfeedd11392eff330ea097548"
    integrity sha512-8xOcRHvCjnocdS5cpwXQXVzmmh5e5+saE2QGoeQmbKmRS6J3VQppPOIt0MnmE+4xlZoumy0GPG0D0MVIQbNA1A==
  
  mathjs@^6.6.0:
    version "6.6.0"
    resolved "https://registry.yarnpkg.com/mathjs/-/mathjs-6.6.0.tgz#0d71c7cc6b50bd112e160b55703a395caf4db4b1"
    integrity sha512-gYYc1+irFbwuwYUx6O8G2YauvbD1+tPBbq829PaxAiRWpPzPEE8pvwGgvdMuk6c3pqhm6Do/mN26vLiQP46H5A==
    dependencies:
      complex.js "^2.0.11"
      decimal.js "^10.2.0"
      escape-latex "^1.2.0"
      fraction.js "^4.0.12"
      javascript-natural-sort "^0.7.1"
      seed-random "^2.2.0"
      tiny-emitter "^2.1.0"
      typed-function "^1.1.1"
  
  p5@^0.10.2:
    version "0.10.2"
    resolved "https://registry.yarnpkg.com/p5/-/p5-0.10.2.tgz#9437b28e803b9c8a94383c6b5f4d05b13603e1cc"
    integrity sha512-kZnC7JllCEnEUTB3sv2iETUg1ulNvB60h3MHb63u7W/nCJc3XIlMGXcKk28cuezdQ7TOlKScm0qmWCsol+302Q==
  
  pixi@^0.3.1:
    version "0.3.1"
    resolved "https://registry.yarnpkg.com/pixi/-/pixi-0.3.1.tgz#858cd6164a32a1e4b41192cdf5c6d98209300ba8"
    integrity sha1-hYzWFkoyoeS0EZLN9cbZggkwC6g=
  
  seed-random@^2.2.0:
    version "2.2.0"
    resolved "https://registry.yarnpkg.com/seed-random/-/seed-random-2.2.0.tgz#2a9b19e250a817099231a5b99a4daf80b7fbed54"
    integrity sha1-KpsZ4lCoFwmSMaW5mk2vgLf77VQ=
  
  tiny-emitter@^2.1.0:
    version "2.1.0"
    resolved "https://registry.yarnpkg.com/tiny-emitter/-/tiny-emitter-2.1.0.tgz#1d1a56edfc51c43e863cbb5382a72330e3555423"
    integrity sha512-NB6Dk1A9xgQPMoGqC5CVXn123gWyte215ONT5Pp5a0yt4nlEoO1ZWeCwpncaekPHXO60i47ihFnZPiRPjRMq4Q==
  
  typed-function@^1.1.1:
    version "1.1.1"
    resolved "https://registry.yarnpkg.com/typed-function/-/typed-function-1.1.1.tgz#a1316187ec3628c9e219b91ca96918660a10138e"
    integrity sha512-RbN7MaTQBZLJYzDENHPA0nUmWT0Ex80KHItprrgbTPufYhIlTePvCXZxyQK7wgn19FW5bnuaBIKcBb5mRWjB1Q==
